<?xml version="1.0" encoding="UTF-8"?>
<testsuite xmlns:xsi="http://www.w3.org/2001/XMLSchema-instance" xsi:noNamespaceSchemaLocation="https://maven.apache.org/surefire/maven-surefire-plugin/xsd/surefire-test-report-3.0.xsd" version="3.0" name="org.praxisplatform.uischema.e2e.SchemaHashE2eTest" time="4.659" tests="1" errors="0" skipped="0" failures="0">
  <properties>
    <property name="java.specification.version" value="21"/>
    <property name="sun.cpu.isalist" value="amd64"/>
    <property name="sun.jnu.encoding" value="Cp1252"/>
    <property name="java.class.path" value="D:\Developer\praxis\backend-libs\praxis-metadata-starter\target\test-classes;D:\Developer\praxis\backend-libs\praxis-metadata-starter\target\classes;C:\Users\rodrigo.moreira\.m2\repository\org\mapstruct\mapstruct\1.5.5.Final\mapstruct-1.5.5.Final.jar;C:\Users\rodrigo.moreira\.m2\repository\org\springframework\boot\spring-boot-autoconfigure\3.2.5\spring-boot-autoconfigure-3.2.5.jar;C:\Users\rodrigo.moreira\.m2\repository\org\springframework\boot\spring-boot\3.2.5\spring-boot-3.2.5.jar;C:\Users\rodrigo.moreira\.m2\repository\org\springframework\spring-context\6.1.6\spring-context-6.1.6.jar;C:\Users\rodrigo.moreira\.m2\repository\org\springframework\boot\spring-boot-configuration-processor\3.2.5\spring-boot-configuration-processor-3.2.5.jar;C:\Users\rodrigo.moreira\.m2\repository\org\springframework\boot\spring-boot-autoconfigure-processor\3.2.5\spring-boot-autoconfigure-processor-3.2.5.jar;C:\Users\rodrigo.moreira\.m2\repository\org\springframework\data\spring-data-commons\3.2.5\spring-data-commons-3.2.5.jar;C:\Users\rodrigo.moreira\.m2\repository\org\springframework\spring-core\6.1.6\spring-core-6.1.6.jar;C:\Users\rodrigo.moreira\.m2\repository\org\springframework\spring-jcl\6.1.6\spring-jcl-6.1.6.jar;C:\Users\rodrigo.moreira\.m2\repository\org\springframework\spring-beans\6.1.6\spring-beans-6.1.6.jar;C:\Users\rodrigo.moreira\.m2\repository\org\slf4j\slf4j-api\2.0.13\slf4j-api-2.0.13.jar;C:\Users\rodrigo.moreira\.m2\repository\jakarta\persistence\jakarta.persistence-api\3.1.0\jakarta.persistence-api-3.1.0.jar;C:\Users\rodrigo.moreira\.m2\repository\io\swagger\core\v3\swagger-annotations\2.2.22\swagger-annotations-2.2.22.jar;C:\Users\rodrigo.moreira\.m2\repository\org\projectlombok\lombok\1.18.32\lombok-1.18.32.jar;C:\Users\rodrigo.moreira\.m2\repository\org\springframework\boot\spring-boot-starter-test\3.2.5\spring-boot-starter-test-3.2.5.jar;C:\Users\rodrigo.moreira\.m2\repository\org\springframework\boot\spring-boot-starter\3.2.5\spring-boot-starter-3.2.5.jar;C:\Users\rodrigo.moreira\.m2\repository\org\springframework\boot\spring-boot-starter-logging\3.2.5\spring-boot-starter-logging-3.2.5.jar;C:\Users\rodrigo.moreira\.m2\repository\ch\qos\logback\logback-classic\1.4.14\logback-classic-1.4.14.jar;C:\Users\rodrigo.moreira\.m2\repository\ch\qos\logback\logback-core\1.4.14\logback-core-1.4.14.jar;C:\Users\rodrigo.moreira\.m2\repository\org\apache\logging\log4j\log4j-to-slf4j\2.21.1\log4j-to-slf4j-2.21.1.jar;C:\Users\rodrigo.moreira\.m2\repository\org\apache\logging\log4j\log4j-api\2.21.1\log4j-api-2.21.1.jar;C:\Users\rodrigo.moreira\.m2\repository\org\slf4j\jul-to-slf4j\2.0.13\jul-to-slf4j-2.0.13.jar;C:\Users\rodrigo.moreira\.m2\repository\jakarta\annotation\jakarta.annotation-api\2.1.1\jakarta.annotation-api-2.1.1.jar;C:\Users\rodrigo.moreira\.m2\repository\org\yaml\snakeyaml\2.2\snakeyaml-2.2.jar;C:\Users\rodrigo.moreira\.m2\repository\org\springframework\boot\spring-boot-test\3.2.5\spring-boot-test-3.2.5.jar;C:\Users\rodrigo.moreira\.m2\repository\org\springframework\boot\spring-boot-test-autoconfigure\3.2.5\spring-boot-test-autoconfigure-3.2.5.jar;C:\Users\rodrigo.moreira\.m2\repository\com\jayway\jsonpath\json-path\2.9.0\json-path-2.9.0.jar;C:\Users\rodrigo.moreira\.m2\repository\jakarta\xml\bind\jakarta.xml.bind-api\4.0.2\jakarta.xml.bind-api-4.0.2.jar;C:\Users\rodrigo.moreira\.m2\repository\jakarta\activation\jakarta.activation-api\2.1.3\jakarta.activation-api-2.1.3.jar;C:\Users\rodrigo.moreira\.m2\repository\net\minidev\json-smart\2.5.1\json-smart-2.5.1.jar;C:\Users\rodrigo.moreira\.m2\repository\net\minidev\accessors-smart\2.5.1\accessors-smart-2.5.1.jar;C:\Users\rodrigo.moreira\.m2\repository\org\ow2\asm\asm\9.6\asm-9.6.jar;C:\Users\rodrigo.moreira\.m2\repository\org\assertj\assertj-core\3.24.2\assertj-core-3.24.2.jar;C:\Users\rodrigo.moreira\.m2\repository\net\bytebuddy\byte-buddy\1.14.13\byte-buddy-1.14.13.jar;C:\Users\rodrigo.moreira\.m2\repository\org\awaitility\awaitility\4.2.1\awaitility-4.2.1.jar;C:\Users\rodrigo.moreira\.m2\repository\org\hamcrest\hamcrest\2.2\hamcrest-2.2.jar;C:\Users\rodrigo.moreira\.m2\repository\org\junit\jupiter\junit-jupiter\5.10.2\junit-jupiter-5.10.2.jar;C:\Users\rodrigo.moreira\.m2\repository\org\junit\jupiter\junit-jupiter-api\5.10.2\junit-jupiter-api-5.10.2.jar;C:\Users\rodrigo.moreira\.m2\repository\org\opentest4j\opentest4j\1.3.0\opentest4j-1.3.0.jar;C:\Users\rodrigo.moreira\.m2\repository\org\junit\platform\junit-platform-commons\1.10.2\junit-platform-commons-1.10.2.jar;C:\Users\rodrigo.moreira\.m2\repository\org\apiguardian\apiguardian-api\1.1.2\apiguardian-api-1.1.2.jar;C:\Users\rodrigo.moreira\.m2\repository\org\junit\jupiter\junit-jupiter-params\5.10.2\junit-jupiter-params-5.10.2.jar;C:\Users\rodrigo.moreira\.m2\repository\org\junit\jupiter\junit-jupiter-engine\5.10.2\junit-jupiter-engine-5.10.2.jar;C:\Users\rodrigo.moreira\.m2\repository\org\junit\platform\junit-platform-engine\1.10.2\junit-platform-engine-1.10.2.jar;C:\Users\rodrigo.moreira\.m2\repository\org\mockito\mockito-core\5.7.0\mockito-core-5.7.0.jar;C:\Users\rodrigo.moreira\.m2\repository\net\bytebuddy\byte-buddy-agent\1.14.13\byte-buddy-agent-1.14.13.jar;C:\Users\rodrigo.moreira\.m2\repository\org\objenesis\objenesis\3.3\objenesis-3.3.jar;C:\Users\rodrigo.moreira\.m2\repository\org\mockito\mockito-junit-jupiter\5.7.0\mockito-junit-jupiter-5.7.0.jar;C:\Users\rodrigo.moreira\.m2\repository\org\skyscreamer\jsonassert\1.5.1\jsonassert-1.5.1.jar;C:\Users\rodrigo.moreira\.m2\repository\com\vaadin\external\google\android-json\0.0.20131108.vaadin1\android-json-0.0.20131108.vaadin1.jar;C:\Users\rodrigo.moreira\.m2\repository\org\springframework\spring-test\6.1.6\spring-test-6.1.6.jar;C:\Users\rodrigo.moreira\.m2\repository\org\xmlunit\xmlunit-core\2.9.1\xmlunit-core-2.9.1.jar;C:\Users\rodrigo.moreira\.m2\repository\org\springframework\boot\spring-boot-starter-data-jpa\3.2.5\spring-boot-starter-data-jpa-3.2.5.jar;C:\Users\rodrigo.moreira\.m2\repository\org\springframework\boot\spring-boot-starter-aop\3.2.5\spring-boot-starter-aop-3.2.5.jar;C:\Users\rodrigo.moreira\.m2\repository\org\springframework\spring-aop\6.1.6\spring-aop-6.1.6.jar;C:\Users\rodrigo.moreira\.m2\repository\org\aspectj\aspectjweaver\1.9.22\aspectjweaver-1.9.22.jar;C:\Users\rodrigo.moreira\.m2\repository\org\springframework\boot\spring-boot-starter-jdbc\3.2.5\spring-boot-starter-jdbc-3.2.5.jar;C:\Users\rodrigo.moreira\.m2\repository\com\zaxxer\HikariCP\5.0.1\HikariCP-5.0.1.jar;C:\Users\rodrigo.moreira\.m2\repository\org\springframework\spring-jdbc\6.1.6\spring-jdbc-6.1.6.jar;C:\Users\rodrigo.moreira\.m2\repository\org\hibernate\orm\hibernate-core\6.4.4.Final\hibernate-core-6.4.4.Final.jar;C:\Users\rodrigo.moreira\.m2\repository\jakarta\transaction\jakarta.transaction-api\2.0.1\jakarta.transaction-api-2.0.1.jar;C:\Users\rodrigo.moreira\.m2\repository\org\jboss\logging\jboss-logging\3.5.3.Final\jboss-logging-3.5.3.Final.jar;C:\Users\rodrigo.moreira\.m2\repository\org\hibernate\common\hibernate-commons-annotations\6.0.6.Final\hibernate-commons-annotations-6.0.6.Final.jar;C:\Users\rodrigo.moreira\.m2\repository\io\smallrye\jandex\3.1.2\jandex-3.1.2.jar;C:\Users\rodrigo.moreira\.m2\repository\com\fasterxml\classmate\1.6.0\classmate-1.6.0.jar;C:\Users\rodrigo.moreira\.m2\repository\org\glassfish\jaxb\jaxb-runtime\4.0.5\jaxb-runtime-4.0.5.jar;C:\Users\rodrigo.moreira\.m2\repository\org\glassfish\jaxb\jaxb-core\4.0.5\jaxb-core-4.0.5.jar;C:\Users\rodrigo.moreira\.m2\repository\org\eclipse\angus\angus-activation\2.0.2\angus-activation-2.0.2.jar;C:\Users\rodrigo.moreira\.m2\repository\org\glassfish\jaxb\txw2\4.0.5\txw2-4.0.5.jar;C:\Users\rodrigo.moreira\.m2\repository\com\sun\istack\istack-commons-runtime\4.1.2\istack-commons-runtime-4.1.2.jar;C:\Users\rodrigo.moreira\.m2\repository\jakarta\inject\jakarta.inject-api\2.0.1\jakarta.inject-api-2.0.1.jar;C:\Users\rodrigo.moreira\.m2\repository\org\antlr\antlr4-runtime\4.13.0\antlr4-runtime-4.13.0.jar;C:\Users\rodrigo.moreira\.m2\repository\org\springframework\data\spring-data-jpa\3.2.5\spring-data-jpa-3.2.5.jar;C:\Users\rodrigo.moreira\.m2\repository\org\springframework\spring-orm\6.1.6\spring-orm-6.1.6.jar;C:\Users\rodrigo.moreira\.m2\repository\org\springframework\spring-tx\6.1.6\spring-tx-6.1.6.jar;C:\Users\rodrigo.moreira\.m2\repository\org\springframework\spring-aspects\6.1.6\spring-aspects-6.1.6.jar;C:\Users\rodrigo.moreira\.m2\repository\org\springframework\boot\spring-boot-starter-web\3.2.5\spring-boot-starter-web-3.2.5.jar;C:\Users\rodrigo.moreira\.m2\repository\org\springframework\boot\spring-boot-starter-json\3.2.5\spring-boot-starter-json-3.2.5.jar;C:\Users\rodrigo.moreira\.m2\repository\com\fasterxml\jackson\core\jackson-databind\2.15.4\jackson-databind-2.15.4.jar;C:\Users\rodrigo.moreira\.m2\repository\com\fasterxml\jackson\core\jackson-annotations\2.15.4\jackson-annotations-2.15.4.jar;C:\Users\rodrigo.moreira\.m2\repository\com\fasterxml\jackson\core\jackson-core\2.15.4\jackson-core-2.15.4.jar;C:\Users\rodrigo.moreira\.m2\repository\com\fasterxml\jackson\datatype\jackson-datatype-jdk8\2.15.4\jackson-datatype-jdk8-2.15.4.jar;C:\Users\rodrigo.moreira\.m2\repository\com\fasterxml\jackson\datatype\jackson-datatype-jsr310\2.15.4\jackson-datatype-jsr310-2.15.4.jar;C:\Users\rodrigo.moreira\.m2\repository\com\fasterxml\jackson\module\jackson-module-parameter-names\2.15.4\jackson-module-parameter-names-2.15.4.jar;C:\Users\rodrigo.moreira\.m2\repository\org\springframework\boot\spring-boot-starter-tomcat\3.2.5\spring-boot-starter-tomcat-3.2.5.jar;C:\Users\rodrigo.moreira\.m2\repository\org\apache\tomcat\embed\tomcat-embed-core\10.1.20\tomcat-embed-core-10.1.20.jar;C:\Users\rodrigo.moreira\.m2\repository\org\apache\tomcat\embed\tomcat-embed-el\10.1.20\tomcat-embed-el-10.1.20.jar;C:\Users\rodrigo.moreira\.m2\repository\org\apache\tomcat\embed\tomcat-embed-websocket\10.1.20\tomcat-embed-websocket-10.1.20.jar;C:\Users\rodrigo.moreira\.m2\repository\org\springframework\spring-web\6.1.6\spring-web-6.1.6.jar;C:\Users\rodrigo.moreira\.m2\repository\io\micrometer\micrometer-observation\1.12.5\micrometer-observation-1.12.5.jar;C:\Users\rodrigo.moreira\.m2\repository\io\micrometer\micrometer-commons\1.12.5\micrometer-commons-1.12.5.jar;C:\Users\rodrigo.moreira\.m2\repository\org\springframework\spring-webmvc\6.1.6\spring-webmvc-6.1.6.jar;C:\Users\rodrigo.moreira\.m2\repository\org\springframework\spring-expression\6.1.6\spring-expression-6.1.6.jar;C:\Users\rodrigo.moreira\.m2\repository\org\springdoc\springdoc-openapi-starter-webmvc-ui\2.6.0\springdoc-openapi-starter-webmvc-ui-2.6.0.jar;C:\Users\rodrigo.moreira\.m2\repository\org\springdoc\springdoc-openapi-starter-webmvc-api\2.6.0\springdoc-openapi-starter-webmvc-api-2.6.0.jar;C:\Users\rodrigo.moreira\.m2\repository\org\springdoc\springdoc-openapi-starter-common\2.6.0\springdoc-openapi-starter-common-2.6.0.jar;C:\Users\rodrigo.moreira\.m2\repository\io\swagger\core\v3\swagger-core-jakarta\2.2.22\swagger-core-jakarta-2.2.22.jar;C:\Users\rodrigo.moreira\.m2\repository\org\apache\commons\commons-lang3\3.13.0\commons-lang3-3.13.0.jar;C:\Users\rodrigo.moreira\.m2\repository\io\swagger\core\v3\swagger-annotations-jakarta\2.2.22\swagger-annotations-jakarta-2.2.22.jar;C:\Users\rodrigo.moreira\.m2\repository\io\swagger\core\v3\swagger-models-jakarta\2.2.22\swagger-models-jakarta-2.2.22.jar;C:\Users\rodrigo.moreira\.m2\repository\jakarta\validation\jakarta.validation-api\3.0.2\jakarta.validation-api-3.0.2.jar;C:\Users\rodrigo.moreira\.m2\repository\com\fasterxml\jackson\dataformat\jackson-dataformat-yaml\2.15.4\jackson-dataformat-yaml-2.15.4.jar;C:\Users\rodrigo.moreira\.m2\repository\org\webjars\swagger-ui\5.17.14\swagger-ui-5.17.14.jar;C:\Users\rodrigo.moreira\.m2\repository\org\springframework\boot\spring-boot-starter-hateoas\3.2.5\spring-boot-starter-hateoas-3.2.5.jar;C:\Users\rodrigo.moreira\.m2\repository\org\springframework\hateoas\spring-hateoas\2.2.2\spring-hateoas-2.2.2.jar;C:\Users\rodrigo.moreira\.m2\repository\org\springframework\plugin\spring-plugin-core\3.0.0\spring-plugin-core-3.0.0.jar;C:\Users\rodrigo.moreira\.m2\repository\com\h2database\h2\2.2.224\h2-2.2.224.jar;"/>
    <property name="java.vm.vendor" value="Oracle Corporation"/>
    <property name="sun.arch.data.model" value="64"/>
    <property name="user.variant" value=""/>
    <property name="java.vendor.url" value="https://java.oracle.com/"/>
    <property name="catalina.useNaming" value="false"/>
    <property name="user.timezone" value="America/Sao_Paulo"/>
    <property name="org.jboss.logging.provider" value="slf4j"/>
    <property name="os.name" value="Windows 11"/>
    <property name="java.vm.specification.version" value="21"/>
    <property name="user.country" value="BR"/>
    <property name="sun.java.launcher" value="SUN_STANDARD"/>
    <property name="sun.boot.library.path" value="C:\Users\rodrigo.moreira\.jdks\openjdk-21.0.2\bin"/>
    <property name="sun.java.command" value="C:\Users\rodrigo.moreira\AppData\Local\Temp\surefire6096658454799344629\surefirebooter-20251018195022274_3.jar C:\Users\rodrigo.moreira\AppData\Local\Temp\surefire6096658454799344629 2025-10-18T19-50-21_940-jvmRun1 surefire-20251018195022274_1tmp surefire_0-20251018195022274_2tmp"/>
    <property name="jdk.debug" value="release"/>
    <property name="surefire.test.class.path" value="D:\Developer\praxis\backend-libs\praxis-metadata-starter\target\test-classes;D:\Developer\praxis\backend-libs\praxis-metadata-starter\target\classes;C:\Users\rodrigo.moreira\.m2\repository\org\mapstruct\mapstruct\1.5.5.Final\mapstruct-1.5.5.Final.jar;C:\Users\rodrigo.moreira\.m2\repository\org\springframework\boot\spring-boot-autoconfigure\3.2.5\spring-boot-autoconfigure-3.2.5.jar;C:\Users\rodrigo.moreira\.m2\repository\org\springframework\boot\spring-boot\3.2.5\spring-boot-3.2.5.jar;C:\Users\rodrigo.moreira\.m2\repository\org\springframework\spring-context\6.1.6\spring-context-6.1.6.jar;C:\Users\rodrigo.moreira\.m2\repository\org\springframework\boot\spring-boot-configuration-processor\3.2.5\spring-boot-configuration-processor-3.2.5.jar;C:\Users\rodrigo.moreira\.m2\repository\org\springframework\boot\spring-boot-autoconfigure-processor\3.2.5\spring-boot-autoconfigure-processor-3.2.5.jar;C:\Users\rodrigo.moreira\.m2\repository\org\springframework\data\spring-data-commons\3.2.5\spring-data-commons-3.2.5.jar;C:\Users\rodrigo.moreira\.m2\repository\org\springframework\spring-core\6.1.6\spring-core-6.1.6.jar;C:\Users\rodrigo.moreira\.m2\repository\org\springframework\spring-jcl\6.1.6\spring-jcl-6.1.6.jar;C:\Users\rodrigo.moreira\.m2\repository\org\springframework\spring-beans\6.1.6\spring-beans-6.1.6.jar;C:\Users\rodrigo.moreira\.m2\repository\org\slf4j\slf4j-api\2.0.13\slf4j-api-2.0.13.jar;C:\Users\rodrigo.moreira\.m2\repository\jakarta\persistence\jakarta.persistence-api\3.1.0\jakarta.persistence-api-3.1.0.jar;C:\Users\rodrigo.moreira\.m2\repository\io\swagger\core\v3\swagger-annotations\2.2.22\swagger-annotations-2.2.22.jar;C:\Users\rodrigo.moreira\.m2\repository\org\projectlombok\lombok\1.18.32\lombok-1.18.32.jar;C:\Users\rodrigo.moreira\.m2\repository\org\springframework\boot\spring-boot-starter-test\3.2.5\spring-boot-starter-test-3.2.5.jar;C:\Users\rodrigo.moreira\.m2\repository\org\springframework\boot\spring-boot-starter\3.2.5\spring-boot-starter-3.2.5.jar;C:\Users\rodrigo.moreira\.m2\repository\org\springframework\boot\spring-boot-starter-logging\3.2.5\spring-boot-starter-logging-3.2.5.jar;C:\Users\rodrigo.moreira\.m2\repository\ch\qos\logback\logback-classic\1.4.14\logback-classic-1.4.14.jar;C:\Users\rodrigo.moreira\.m2\repository\ch\qos\logback\logback-core\1.4.14\logback-core-1.4.14.jar;C:\Users\rodrigo.moreira\.m2\repository\org\apache\logging\log4j\log4j-to-slf4j\2.21.1\log4j-to-slf4j-2.21.1.jar;C:\Users\rodrigo.moreira\.m2\repository\org\apache\logging\log4j\log4j-api\2.21.1\log4j-api-2.21.1.jar;C:\Users\rodrigo.moreira\.m2\repository\org\slf4j\jul-to-slf4j\2.0.13\jul-to-slf4j-2.0.13.jar;C:\Users\rodrigo.moreira\.m2\repository\jakarta\annotation\jakarta.annotation-api\2.1.1\jakarta.annotation-api-2.1.1.jar;C:\Users\rodrigo.moreira\.m2\repository\org\yaml\snakeyaml\2.2\snakeyaml-2.2.jar;C:\Users\rodrigo.moreira\.m2\repository\org\springframework\boot\spring-boot-test\3.2.5\spring-boot-test-3.2.5.jar;C:\Users\rodrigo.moreira\.m2\repository\org\springframework\boot\spring-boot-test-autoconfigure\3.2.5\spring-boot-test-autoconfigure-3.2.5.jar;C:\Users\rodrigo.moreira\.m2\repository\com\jayway\jsonpath\json-path\2.9.0\json-path-2.9.0.jar;C:\Users\rodrigo.moreira\.m2\repository\jakarta\xml\bind\jakarta.xml.bind-api\4.0.2\jakarta.xml.bind-api-4.0.2.jar;C:\Users\rodrigo.moreira\.m2\repository\jakarta\activation\jakarta.activation-api\2.1.3\jakarta.activation-api-2.1.3.jar;C:\Users\rodrigo.moreira\.m2\repository\net\minidev\json-smart\2.5.1\json-smart-2.5.1.jar;C:\Users\rodrigo.moreira\.m2\repository\net\minidev\accessors-smart\2.5.1\accessors-smart-2.5.1.jar;C:\Users\rodrigo.moreira\.m2\repository\org\ow2\asm\asm\9.6\asm-9.6.jar;C:\Users\rodrigo.moreira\.m2\repository\org\assertj\assertj-core\3.24.2\assertj-core-3.24.2.jar;C:\Users\rodrigo.moreira\.m2\repository\net\bytebuddy\byte-buddy\1.14.13\byte-buddy-1.14.13.jar;C:\Users\rodrigo.moreira\.m2\repository\org\awaitility\awaitility\4.2.1\awaitility-4.2.1.jar;C:\Users\rodrigo.moreira\.m2\repository\org\hamcrest\hamcrest\2.2\hamcrest-2.2.jar;C:\Users\rodrigo.moreira\.m2\repository\org\junit\jupiter\junit-jupiter\5.10.2\junit-jupiter-5.10.2.jar;C:\Users\rodrigo.moreira\.m2\repository\org\junit\jupiter\junit-jupiter-api\5.10.2\junit-jupiter-api-5.10.2.jar;C:\Users\rodrigo.moreira\.m2\repository\org\opentest4j\opentest4j\1.3.0\opentest4j-1.3.0.jar;C:\Users\rodrigo.moreira\.m2\repository\org\junit\platform\junit-platform-commons\1.10.2\junit-platform-commons-1.10.2.jar;C:\Users\rodrigo.moreira\.m2\repository\org\apiguardian\apiguardian-api\1.1.2\apiguardian-api-1.1.2.jar;C:\Users\rodrigo.moreira\.m2\repository\org\junit\jupiter\junit-jupiter-params\5.10.2\junit-jupiter-params-5.10.2.jar;C:\Users\rodrigo.moreira\.m2\repository\org\junit\jupiter\junit-jupiter-engine\5.10.2\junit-jupiter-engine-5.10.2.jar;C:\Users\rodrigo.moreira\.m2\repository\org\junit\platform\junit-platform-engine\1.10.2\junit-platform-engine-1.10.2.jar;C:\Users\rodrigo.moreira\.m2\repository\org\mockito\mockito-core\5.7.0\mockito-core-5.7.0.jar;C:\Users\rodrigo.moreira\.m2\repository\net\bytebuddy\byte-buddy-agent\1.14.13\byte-buddy-agent-1.14.13.jar;C:\Users\rodrigo.moreira\.m2\repository\org\objenesis\objenesis\3.3\objenesis-3.3.jar;C:\Users\rodrigo.moreira\.m2\repository\org\mockito\mockito-junit-jupiter\5.7.0\mockito-junit-jupiter-5.7.0.jar;C:\Users\rodrigo.moreira\.m2\repository\org\skyscreamer\jsonassert\1.5.1\jsonassert-1.5.1.jar;C:\Users\rodrigo.moreira\.m2\repository\com\vaadin\external\google\android-json\0.0.20131108.vaadin1\android-json-0.0.20131108.vaadin1.jar;C:\Users\rodrigo.moreira\.m2\repository\org\springframework\spring-test\6.1.6\spring-test-6.1.6.jar;C:\Users\rodrigo.moreira\.m2\repository\org\xmlunit\xmlunit-core\2.9.1\xmlunit-core-2.9.1.jar;C:\Users\rodrigo.moreira\.m2\repository\org\springframework\boot\spring-boot-starter-data-jpa\3.2.5\spring-boot-starter-data-jpa-3.2.5.jar;C:\Users\rodrigo.moreira\.m2\repository\org\springframework\boot\spring-boot-starter-aop\3.2.5\spring-boot-starter-aop-3.2.5.jar;C:\Users\rodrigo.moreira\.m2\repository\org\springframework\spring-aop\6.1.6\spring-aop-6.1.6.jar;C:\Users\rodrigo.moreira\.m2\repository\org\aspectj\aspectjweaver\1.9.22\aspectjweaver-1.9.22.jar;C:\Users\rodrigo.moreira\.m2\repository\org\springframework\boot\spring-boot-starter-jdbc\3.2.5\spring-boot-starter-jdbc-3.2.5.jar;C:\Users\rodrigo.moreira\.m2\repository\com\zaxxer\HikariCP\5.0.1\HikariCP-5.0.1.jar;C:\Users\rodrigo.moreira\.m2\repository\org\springframework\spring-jdbc\6.1.6\spring-jdbc-6.1.6.jar;C:\Users\rodrigo.moreira\.m2\repository\org\hibernate\orm\hibernate-core\6.4.4.Final\hibernate-core-6.4.4.Final.jar;C:\Users\rodrigo.moreira\.m2\repository\jakarta\transaction\jakarta.transaction-api\2.0.1\jakarta.transaction-api-2.0.1.jar;C:\Users\rodrigo.moreira\.m2\repository\org\jboss\logging\jboss-logging\3.5.3.Final\jboss-logging-3.5.3.Final.jar;C:\Users\rodrigo.moreira\.m2\repository\org\hibernate\common\hibernate-commons-annotations\6.0.6.Final\hibernate-commons-annotations-6.0.6.Final.jar;C:\Users\rodrigo.moreira\.m2\repository\io\smallrye\jandex\3.1.2\jandex-3.1.2.jar;C:\Users\rodrigo.moreira\.m2\repository\com\fasterxml\classmate\1.6.0\classmate-1.6.0.jar;C:\Users\rodrigo.moreira\.m2\repository\org\glassfish\jaxb\jaxb-runtime\4.0.5\jaxb-runtime-4.0.5.jar;C:\Users\rodrigo.moreira\.m2\repository\org\glassfish\jaxb\jaxb-core\4.0.5\jaxb-core-4.0.5.jar;C:\Users\rodrigo.moreira\.m2\repository\org\eclipse\angus\angus-activation\2.0.2\angus-activation-2.0.2.jar;C:\Users\rodrigo.moreira\.m2\repository\org\glassfish\jaxb\txw2\4.0.5\txw2-4.0.5.jar;C:\Users\rodrigo.moreira\.m2\repository\com\sun\istack\istack-commons-runtime\4.1.2\istack-commons-runtime-4.1.2.jar;C:\Users\rodrigo.moreira\.m2\repository\jakarta\inject\jakarta.inject-api\2.0.1\jakarta.inject-api-2.0.1.jar;C:\Users\rodrigo.moreira\.m2\repository\org\antlr\antlr4-runtime\4.13.0\antlr4-runtime-4.13.0.jar;C:\Users\rodrigo.moreira\.m2\repository\org\springframework\data\spring-data-jpa\3.2.5\spring-data-jpa-3.2.5.jar;C:\Users\rodrigo.moreira\.m2\repository\org\springframework\spring-orm\6.1.6\spring-orm-6.1.6.jar;C:\Users\rodrigo.moreira\.m2\repository\org\springframework\spring-tx\6.1.6\spring-tx-6.1.6.jar;C:\Users\rodrigo.moreira\.m2\repository\org\springframework\spring-aspects\6.1.6\spring-aspects-6.1.6.jar;C:\Users\rodrigo.moreira\.m2\repository\org\springframework\boot\spring-boot-starter-web\3.2.5\spring-boot-starter-web-3.2.5.jar;C:\Users\rodrigo.moreira\.m2\repository\org\springframework\boot\spring-boot-starter-json\3.2.5\spring-boot-starter-json-3.2.5.jar;C:\Users\rodrigo.moreira\.m2\repository\com\fasterxml\jackson\core\jackson-databind\2.15.4\jackson-databind-2.15.4.jar;C:\Users\rodrigo.moreira\.m2\repository\com\fasterxml\jackson\core\jackson-annotations\2.15.4\jackson-annotations-2.15.4.jar;C:\Users\rodrigo.moreira\.m2\repository\com\fasterxml\jackson\core\jackson-core\2.15.4\jackson-core-2.15.4.jar;C:\Users\rodrigo.moreira\.m2\repository\com\fasterxml\jackson\datatype\jackson-datatype-jdk8\2.15.4\jackson-datatype-jdk8-2.15.4.jar;C:\Users\rodrigo.moreira\.m2\repository\com\fasterxml\jackson\datatype\jackson-datatype-jsr310\2.15.4\jackson-datatype-jsr310-2.15.4.jar;C:\Users\rodrigo.moreira\.m2\repository\com\fasterxml\jackson\module\jackson-module-parameter-names\2.15.4\jackson-module-parameter-names-2.15.4.jar;C:\Users\rodrigo.moreira\.m2\repository\org\springframework\boot\spring-boot-starter-tomcat\3.2.5\spring-boot-starter-tomcat-3.2.5.jar;C:\Users\rodrigo.moreira\.m2\repository\org\apache\tomcat\embed\tomcat-embed-core\10.1.20\tomcat-embed-core-10.1.20.jar;C:\Users\rodrigo.moreira\.m2\repository\org\apache\tomcat\embed\tomcat-embed-el\10.1.20\tomcat-embed-el-10.1.20.jar;C:\Users\rodrigo.moreira\.m2\repository\org\apache\tomcat\embed\tomcat-embed-websocket\10.1.20\tomcat-embed-websocket-10.1.20.jar;C:\Users\rodrigo.moreira\.m2\repository\org\springframework\spring-web\6.1.6\spring-web-6.1.6.jar;C:\Users\rodrigo.moreira\.m2\repository\io\micrometer\micrometer-observation\1.12.5\micrometer-observation-1.12.5.jar;C:\Users\rodrigo.moreira\.m2\repository\io\micrometer\micrometer-commons\1.12.5\micrometer-commons-1.12.5.jar;C:\Users\rodrigo.moreira\.m2\repository\org\springframework\spring-webmvc\6.1.6\spring-webmvc-6.1.6.jar;C:\Users\rodrigo.moreira\.m2\repository\org\springframework\spring-expression\6.1.6\spring-expression-6.1.6.jar;C:\Users\rodrigo.moreira\.m2\repository\org\springdoc\springdoc-openapi-starter-webmvc-ui\2.6.0\springdoc-openapi-starter-webmvc-ui-2.6.0.jar;C:\Users\rodrigo.moreira\.m2\repository\org\springdoc\springdoc-openapi-starter-webmvc-api\2.6.0\springdoc-openapi-starter-webmvc-api-2.6.0.jar;C:\Users\rodrigo.moreira\.m2\repository\org\springdoc\springdoc-openapi-starter-common\2.6.0\springdoc-openapi-starter-common-2.6.0.jar;C:\Users\rodrigo.moreira\.m2\repository\io\swagger\core\v3\swagger-core-jakarta\2.2.22\swagger-core-jakarta-2.2.22.jar;C:\Users\rodrigo.moreira\.m2\repository\org\apache\commons\commons-lang3\3.13.0\commons-lang3-3.13.0.jar;C:\Users\rodrigo.moreira\.m2\repository\io\swagger\core\v3\swagger-annotations-jakarta\2.2.22\swagger-annotations-jakarta-2.2.22.jar;C:\Users\rodrigo.moreira\.m2\repository\io\swagger\core\v3\swagger-models-jakarta\2.2.22\swagger-models-jakarta-2.2.22.jar;C:\Users\rodrigo.moreira\.m2\repository\jakarta\validation\jakarta.validation-api\3.0.2\jakarta.validation-api-3.0.2.jar;C:\Users\rodrigo.moreira\.m2\repository\com\fasterxml\jackson\dataformat\jackson-dataformat-yaml\2.15.4\jackson-dataformat-yaml-2.15.4.jar;C:\Users\rodrigo.moreira\.m2\repository\org\webjars\swagger-ui\5.17.14\swagger-ui-5.17.14.jar;C:\Users\rodrigo.moreira\.m2\repository\org\springframework\boot\spring-boot-starter-hateoas\3.2.5\spring-boot-starter-hateoas-3.2.5.jar;C:\Users\rodrigo.moreira\.m2\repository\org\springframework\hateoas\spring-hateoas\2.2.2\spring-hateoas-2.2.2.jar;C:\Users\rodrigo.moreira\.m2\repository\org\springframework\plugin\spring-plugin-core\3.0.0\spring-plugin-core-3.0.0.jar;C:\Users\rodrigo.moreira\.m2\repository\com\h2database\h2\2.2.224\h2-2.2.224.jar;"/>
    <property name="sun.cpu.endian" value="little"/>
    <property name="user.home" value="C:\Users\rodrigo.moreira"/>
    <property name="user.language" value="pt"/>
    <property name="java.specification.vendor" value="Oracle Corporation"/>
    <property name="java.version.date" value="2024-01-16"/>
    <property name="java.home" value="C:\Users\rodrigo.moreira\.jdks\openjdk-21.0.2"/>
    <property name="file.separator" value="\"/>
    <property name="basedir" value="D:\Developer\praxis\backend-libs\praxis-metadata-starter"/>
    <property name="style.color" value="always"/>
    <property name="java.vm.compressedOopsMode" value="Zero based"/>
    <property name="line.separator" value="&#10;"/>
    <property name="java.vm.specification.vendor" value="Oracle Corporation"/>
    <property name="java.specification.name" value="Java Platform API Specification"/>
    <property name="FILE_LOG_CHARSET" value="UTF-8"/>
    <property name="java.awt.headless" value="true"/>
    <property name="surefire.real.class.path" value="C:\Users\rodrigo.moreira\AppData\Local\Temp\surefire6096658454799344629\surefirebooter-20251018195022274_3.jar"/>
    <property name="user.script" value=""/>
    <property name="sun.management.compiler" value="HotSpot 64-Bit Tiered Compilers"/>
    <property name="java.runtime.version" value="21.0.2+13-58"/>
    <property name="user.name" value="rodrigo.moreira"/>
    <property name="stdout.encoding" value="Cp1252"/>
    <property name="path.separator" value=";"/>
    <property name="os.version" value="10.0"/>
    <property name="java.runtime.name" value="OpenJDK Runtime Environment"/>
    <property name="file.encoding" value="UTF-8"/>
    <property name="java.vm.name" value="OpenJDK 64-Bit Server VM"/>
    <property name="maven.ext.class.path" value="C:\Program Files\JetBrains\IntelliJ IDEA 2024.3.5\plugins\maven\lib\maven-event-listener.jar"/>
    <property name="localRepository" value="C:\Users\rodrigo.moreira\.m2\repository"/>
    <property name="java.vendor.url.bug" value="https://bugreport.java.com/bugreport/"/>
    <property name="java.io.tmpdir" value="C:\Users\RODRIG~1.MOR\AppData\Local\Temp\"/>
    <property name="idea.version" value="2025.2.1"/>
    <property name="catalina.home" value="C:\Users\rodrigo.moreira\AppData\Local\Temp\tomcat.0.1809918469246305184"/>
    <property name="com.zaxxer.hikari.pool_number" value="1"/>
    <property name="java.version" value="21.0.2"/>
    <property name="user.dir" value="D:\Developer\praxis\backend-libs\praxis-metadata-starter"/>
    <property name="os.arch" value="amd64"/>
    <property name="jansi.passthrough" value="true"/>
    <property name="java.vm.specification.name" value="Java Virtual Machine Specification"/>
    <property name="PID" value="33620"/>
    <property name="sun.os.patch.level" value=""/>
    <property name="CONSOLE_LOG_CHARSET" value="UTF-8"/>
    <property name="catalina.base" value="C:\Users\rodrigo.moreira\AppData\Local\Temp\tomcat.0.1809918469246305184"/>
    <property name="native.encoding" value="Cp1252"/>
    <property name="java.library.path" value="C:\Users\rodrigo.moreira\.jdks\openjdk-21.0.2\bin;C:\WINDOWS\Sun\Java\bin;C:\WINDOWS\system32;C:\WINDOWS;C:\Python310\Scripts\;C:\Python310\;C:\Program Files (x86)\Common Files\Oracle\Java\javapath;C:\Windows\system32;C:\Windows;C:\Windows\System32\Wbem;C:\Windows\System32\WindowsPowerShell\v1.0\;C:\Windows\System32\OpenSSH\;C:\Program Files (x86)\NVIDIA Corporation\PhysX\Common;C:\Program Files\NVIDIA Corporation\NVIDIA NvDLISR;C:\WINDOWS\system32;C:\WINDOWS;C:\WINDOWS\System32\Wbem;C:\WINDOWS\System32\WindowsPowerShell\v1.0\;C:\WINDOWS\System32\OpenSSH\;C:\ProgramData\chocolatey\bin;C:\Users\rodrigo.moreira\AppData\Roaming\nvm;C:\Program Files\nodejs;C:\Program Files\dotnet\;C:\Program Files\PuTTY\;C:\Program Files\Git\cmd;C:\Program Files\Docker\Docker\resources\bin;C:\Users\rodrigo.moreira\AppData\Local\Microsoft\WindowsApps;C:\Program Files\JetBrains\IntelliJ IDEA 2024.3.5\bin;;C:\Users\rodrigo.moreira\AppData\Roaming\nvm;C:\Program Files\nodejs;C:\Desenvolvimento\JAVA\jdk-11.0.20\bin;D:\Developer\JAVA\graalvm-jdk-21.0.2+13.1\bin;;C:\Users\rodrigo.moreira\AppData\Local\Programs\Ollama;C:\Users\rodrigo.moreira\AppData\Local\Programs\Microsoft VS Code\bin;."/>
    <property name="java.vm.info" value="mixed mode, sharing"/>
    <property name="stderr.encoding" value="Cp1252"/>
    <property name="java.vendor" value="Oracle Corporation"/>
    <property name="java.vm.version" value="21.0.2+13-58"/>
    <property name="sun.io.unicode.encoding" value="UnicodeLittle"/>
    <property name="maven.repo.local" value="C:\Users\rodrigo.moreira\.m2\repository"/>
    <property name="java.class.version" value="65.0"/>
  </properties>
  <testcase name="e2e_ETagAnd304_WithRealDTOs" classname="org.praxisplatform.uischema.e2e.SchemaHashE2eTest" time="0.785">
    <system-out><![CDATA[2025-10-18T19:50:31.770-03:00  INFO 33620 --- [           main] t.c.s.AnnotationConfigContextLoaderUtils : Could not detect default configuration classes for test class [org.praxisplatform.uischema.e2e.SchemaHashE2eTest]: SchemaHashE2eTest does not declare any static, non-private, non-final, nested classes annotated with @Configuration.
2025-10-18T19:50:31.797-03:00  INFO 33620 --- [           main] .b.t.c.SpringBootTestContextBootstrapper : Found @SpringBootConfiguration org.praxisplatform.uischema.TestApplication for test class org.praxisplatform.uischema.e2e.SchemaHashE2eTest

  .   ____          _            __ _ _
 /\\ / ___'_ __ _ _(_)_ __  __ _ \ \ \ \
( ( )\___ | '_ | '_| | '_ \/ _` | \ \ \ \
 \\/  ___)| |_)| | | | | || (_| |  ) ) ) )
  '  |____| .__|_| |_|_| |_\__, | / / / /
 =========|_|==============|___/=/_/_/_/
 :: Spring Boot ::                (v3.2.5)

2025-10-18T19:50:31.834-03:00  INFO 33620 --- [           main] o.p.uischema.e2e.SchemaHashE2eTest       : Starting SchemaHashE2eTest using Java 21.0.2 with PID 33620 (started by rodrigo.moreira in D:\Developer\praxis\backend-libs\praxis-metadata-starter)
2025-10-18T19:50:31.835-03:00  INFO 33620 --- [           main] o.p.uischema.e2e.SchemaHashE2eTest       : No active profile set, falling back to 1 default profile: "default"
2025-10-18T19:50:32.499-03:00  INFO 33620 --- [           main] .s.d.r.c.RepositoryConfigurationDelegate : Bootstrapping Spring Data JPA repositories in DEFAULT mode.
2025-10-18T19:50:32.557-03:00  INFO 33620 --- [           main] .s.d.r.c.RepositoryConfigurationDelegate : Finished Spring Data repository scanning in 35 ms. Found 0 JPA repository interfaces.
2025-10-18T19:50:33.166-03:00  INFO 33620 --- [           main] o.s.b.w.embedded.tomcat.TomcatWebServer  : Tomcat initialized with port 0 (http)
2025-10-18T19:50:33.196-03:00  INFO 33620 --- [           main] o.apache.catalina.core.StandardService   : Starting service [Tomcat]
2025-10-18T19:50:33.196-03:00  INFO 33620 --- [           main] o.apache.catalina.core.StandardEngine    : Starting Servlet engine: [Apache Tomcat/10.1.20]
2025-10-18T19:50:33.310-03:00  INFO 33620 --- [           main] o.a.c.c.C.[Tomcat].[localhost].[/]       : Initializing Spring embedded WebApplicationContext
2025-10-18T19:50:33.310-03:00  INFO 33620 --- [           main] w.s.c.ServletWebServerApplicationContext : Root WebApplicationContext: initialization completed in 1474 ms
2025-10-18T19:50:33.339-03:00  INFO 33620 --- [           main] com.zaxxer.hikari.HikariDataSource       : HikariPool-1 - Starting...
2025-10-18T19:50:33.597-03:00  INFO 33620 --- [           main] com.zaxxer.hikari.pool.HikariPool        : HikariPool-1 - Added connection conn0: url=jdbc:h2:mem:db user=SA
2025-10-18T19:50:33.599-03:00  INFO 33620 --- [           main] com.zaxxer.hikari.HikariDataSource       : HikariPool-1 - Start completed.
2025-10-18T19:50:33.612-03:00  INFO 33620 --- [           main] o.s.b.a.h2.H2ConsoleAutoConfiguration    : H2 console available at '/h2-console'. Database available at 'jdbc:h2:mem:db'
2025-10-18T19:50:33.830-03:00  INFO 33620 --- [           main] o.hibernate.jpa.internal.util.LogHelper  : HHH000204: Processing PersistenceUnitInfo [name: default]
2025-10-18T19:50:33.974-03:00  INFO 33620 --- [           main] org.hibernate.Version                    : HHH000412: Hibernate ORM core version 6.4.4.Final
2025-10-18T19:50:34.032-03:00  INFO 33620 --- [           main] o.h.c.internal.RegionFactoryInitiator    : HHH000026: Second-level cache disabled
2025-10-18T19:50:34.312-03:00  INFO 33620 --- [           main] o.s.o.j.p.SpringPersistenceUnitInfo      : No LoadTimeWeaver setup: ignoring JPA class transformer
2025-10-18T19:50:35.016-03:00  INFO 33620 --- [           main] o.h.e.t.j.p.i.JtaPlatformInitiator       : HHH000489: No JTA platform available (set 'hibernate.transaction.jta.platform' to enable JTA platform integration)
2025-10-18T19:50:35.026-03:00  INFO 33620 --- [           main] j.LocalContainerEntityManagerFactoryBean : Initialized JPA EntityManagerFactory for persistence unit 'default'
2025-10-18T19:50:35.155-03:00  WARN 33620 --- [           main] JpaBaseConfiguration$JpaWebConfiguration : spring.jpa.open-in-view is enabled by default. Therefore, database queries may be performed during view rendering. Explicitly configure spring.jpa.open-in-view to disable this warning
2025-10-18T19:50:35.236-03:00  INFO 33620 --- [           main] o.p.u.c.DynamicSwaggerConfig             : Iniciando escaneamento dinâmico de grupos para controllers que estendem AbstractCrudController...
2025-10-18T19:50:35.236-03:00  INFO 33620 --- [           main] o.p.u.c.DynamicSwaggerConfig             : Total de handlers encontrados: 12
2025-10-18T19:50:35.236-03:00  INFO 33620 --- [           main] o.p.u.c.DynamicSwaggerConfig             : Controllers qualificados para grupos individuais (AbstractCrudController): 0
2025-10-18T19:50:35.237-03:00  WARN 33620 --- [           main] o.p.u.c.DynamicSwaggerConfig             : Nenhum controller qualificado encontrado. Verifique se os controllers estendem AbstractCrudController e têm @RequestMapping.
2025-10-18T19:50:35.627-03:00  INFO 33620 --- [           main] o.s.b.w.embedded.tomcat.TomcatWebServer  : Tomcat started on port 51940 (http) with context path ''
2025-10-18T19:50:35.633-03:00  INFO 33620 --- [           main] o.p.uischema.e2e.SchemaHashE2eTest       : Started SchemaHashE2eTest in 3.83 seconds (process running for 13.171)
2025-10-18T19:50:35.634-03:00  INFO 33620 --- [           main] o.p.u.c.DynamicSwaggerConfig             : 🔍 Iniciando validação de uso de @ApiResource em controllers AbstractCrud...
2025-10-18T19:50:35.634-03:00  INFO 33620 --- [           main] o.p.u.c.DynamicSwaggerConfig             : 📊 Relatório de Conformidade @ApiResource:
2025-10-18T19:50:35.634-03:00  INFO 33620 --- [           main] o.p.u.c.DynamicSwaggerConfig             :    ✅ Conformes: 0/0 controllers
2025-10-18T19:50:35.634-03:00  INFO 33620 --- [           main] o.p.u.c.DynamicSwaggerConfig             :    ⚠️ Precisam migração: 0/0 controllers
2025-10-18T19:50:35.634-03:00  INFO 33620 --- [           main] o.p.u.c.DynamicSwaggerConfig             : 🎉 Todos os controllers AbstractCrud estão usando @ApiResource corretamente!
2025-10-18T19:50:35.751-03:00  INFO 33620 --- [o-auto-1-exec-1] o.a.c.c.C.[Tomcat].[localhost].[/]       : Initializing Spring DispatcherServlet 'dispatcherServlet'
2025-10-18T19:50:35.751-03:00  INFO 33620 --- [o-auto-1-exec-1] o.s.web.servlet.DispatcherServlet        : Initializing Servlet 'dispatcherServlet'
2025-10-18T19:50:35.752-03:00  INFO 33620 --- [o-auto-1-exec-1] o.s.web.servlet.DispatcherServlet        : Completed initialization in 1 ms
2025-10-18T19:50:35.880-03:00  INFO 33620 --- [o-auto-1-exec-1] o.p.u.controller.docs.ApiDocsController  : Path '/e2e' → Grupo resolvido: 'e2e'
2025-10-18T19:50:35.951-03:00  WARN 33620 --- [o-auto-1-exec-1] o.p.u.controller.docs.ApiDocsController  : ⚠️ Falha ao buscar documento específico para grupo 'e2e': 404 : "{"id":"97d47893-e65a-44d9-9212-cd85acd9f7ef","message":"No OpenAPI resource found for group: e2e"}". Usando fallback...
2025-10-18T19:50:36.366-03:00  INFO 33620 --- [o-auto-1-exec-3] o.springdoc.api.AbstractOpenApiResource  : Init duration for springdoc-openapi is: 409 ms
2025-10-18T19:50:36.402-03:00  INFO 33620 --- [o-auto-1-exec-1] o.p.u.controller.docs.ApiDocsController  : 🔄 Documento completo usado como fallback para grupo 'e2e' (~4KB)
2025-10-18T19:50:36.403-03:00  INFO 33620 --- [o-auto-1-exec-1] o.p.u.controller.docs.ApiDocsController  : Path and operation node retrieved successfully
2025-10-18T19:50:36.403-03:00  INFO 33620 --- [o-auto-1-exec-1] o.p.u.controller.docs.ApiDocsController  : Request schema encontrado por $ref: SimpleDTO
2025-10-18T19:50:36.403-03:00  INFO 33620 --- [o-auto-1-exec-1] o.p.u.controller.docs.ApiDocsController  : Schema found: SimpleDTO
2025-10-18T19:50:36.403-03:00  INFO 33620 --- [o-auto-1-exec-1] o.p.u.controller.docs.ApiDocsController  : Schema node retrieved successfully
2025-10-18T19:50:36.403-03:00  WARN 33620 --- [o-auto-1-exec-1] o.p.u.controller.docs.ApiDocsController  : x-ui.resource.idField='id' não encontrado nas propriedades do schema 'SimpleDTO'
2025-10-18T19:50:36.410-03:00  INFO 33620 --- [o-auto-1-exec-4] o.p.u.controller.docs.ApiDocsController  : Path '/e2e' → Grupo resolvido: 'e2e'
2025-10-18T19:50:36.411-03:00  INFO 33620 --- [o-auto-1-exec-4] o.p.u.controller.docs.ApiDocsController  : Path and operation node retrieved successfully
2025-10-18T19:50:36.411-03:00  INFO 33620 --- [o-auto-1-exec-4] o.p.u.controller.docs.ApiDocsController  : Request schema encontrado por $ref: SimpleDTO
2025-10-18T19:50:36.411-03:00  INFO 33620 --- [o-auto-1-exec-4] o.p.u.controller.docs.ApiDocsController  : Schema found: SimpleDTO
2025-10-18T19:50:36.411-03:00  INFO 33620 --- [o-auto-1-exec-4] o.p.u.controller.docs.ApiDocsController  : Schema node retrieved successfully
2025-10-18T19:50:36.411-03:00  WARN 33620 --- [o-auto-1-exec-4] o.p.u.controller.docs.ApiDocsController  : x-ui.resource.idField='id' não encontrado nas propriedades do schema 'SimpleDTO'
2025-10-18T19:50:36.414-03:00  INFO 33620 --- [o-auto-1-exec-5] o.p.u.controller.docs.ApiDocsController  : Path '/e2e/with-ref' → Grupo resolvido: 'e2e'
2025-10-18T19:50:36.414-03:00  INFO 33620 --- [o-auto-1-exec-5] o.p.u.controller.docs.ApiDocsController  : Path and operation node retrieved successfully
2025-10-18T19:50:36.414-03:00  INFO 33620 --- [o-auto-1-exec-5] o.p.u.controller.docs.ApiDocsController  : Schema wrapper encontrado: RestApiResponseTopDTO
2025-10-18T19:50:36.414-03:00  INFO 33620 --- [o-auto-1-exec-5] o.p.u.controller.docs.ApiDocsController  : Tipo real extraído de RestApiResponseTopDTO: TopDTO
2025-10-18T19:50:36.414-03:00  INFO 33620 --- [o-auto-1-exec-5] o.p.u.controller.docs.ApiDocsController  : Schema found: TopDTO
2025-10-18T19:50:36.414-03:00  INFO 33620 --- [o-auto-1-exec-5] o.p.u.controller.docs.ApiDocsController  : Schema node retrieved successfully
2025-10-18T19:50:36.414-03:00  WARN 33620 --- [o-auto-1-exec-5] o.p.u.controller.docs.ApiDocsController  : x-ui.resource.idField='id' não encontrado nas propriedades do schema 'TopDTO'
2025-10-18T19:50:36.417-03:00  INFO 33620 --- [o-auto-1-exec-6] o.p.u.controller.docs.ApiDocsController  : Path '/e2e/with-ref' → Grupo resolvido: 'e2e'
2025-10-18T19:50:36.417-03:00  INFO 33620 --- [o-auto-1-exec-6] o.p.u.controller.docs.ApiDocsController  : Path and operation node retrieved successfully
2025-10-18T19:50:36.418-03:00  INFO 33620 --- [o-auto-1-exec-6] o.p.u.controller.docs.ApiDocsController  : Schema wrapper encontrado: RestApiResponseTopDTO
2025-10-18T19:50:36.418-03:00  INFO 33620 --- [o-auto-1-exec-6] o.p.u.controller.docs.ApiDocsController  : Tipo real extraído de RestApiResponseTopDTO: TopDTO
2025-10-18T19:50:36.418-03:00  INFO 33620 --- [o-auto-1-exec-6] o.p.u.controller.docs.ApiDocsController  : Schema found: TopDTO
2025-10-18T19:50:36.418-03:00  INFO 33620 --- [o-auto-1-exec-6] o.p.u.controller.docs.ApiDocsController  : Schema node retrieved successfully
2025-10-18T19:50:36.418-03:00  WARN 33620 --- [o-auto-1-exec-6] o.p.u.controller.docs.ApiDocsController  : x-ui.resource.idField='id' não encontrado nas propriedades do schema 'TopDTO'
]]></system-out>
  </testcase>
</testsuite>